kotlin version: 2.0.0
error message: java.lang.AssertionError: C:\Users\geose\OneDrive\Desktop\Facultate\SEM_V\Mobile\ANDROID\app\build\kspCaches\debug\symbolLookups\lookups.tab: The process cannot access the file because it is being used by another process
	at org.jetbrains.kotlin.com.intellij.openapi.diagnostic.DefaultLogger.error(DefaultLogger.java:54)
	at org.jetbrains.kotlin.com.intellij.openapi.diagnostic.Logger.error(Logger.java:208)
	at org.jetbrains.kotlin.com.intellij.util.io.FilePageCache.disposeRemovedSegments(FilePageCache.java:193)
	at org.jetbrains.kotlin.com.intellij.util.io.FilePageCache.unmapBuffersForOwner(FilePageCache.java:269)
	at org.jetbrains.kotlin.com.intellij.util.io.PagedFileStorage.unmapAll(PagedFileStorage.java:257)
	at org.jetbrains.kotlin.com.intellij.util.io.PagedFileStorage.lambda$close$3(PagedFileStorage.java:244)
	at org.jetbrains.kotlin.com.intellij.util.ExceptionUtil.runAndCatch(ExceptionUtil.java:149)
	at org.jetbrains.kotlin.com.intellij.util.io.PagedFileStorage.close(PagedFileStorage.java:243)
	at org.jetbrains.kotlin.com.intellij.util.io.ResizeableMappedFile.lambda$close$2(ResizeableMappedFile.java:249)
	at org.jetbrains.kotlin.com.intellij.util.ExceptionUtil.runAndCatch(ExceptionUtil.java:149)
	at org.jetbrains.kotlin.com.intellij.util.io.ResizeableMappedFile.close(ResizeableMappedFile.java:249)
	at org.jetbrains.kotlin.com.intellij.util.io.IntToIntBtree.doClose(IntToIntBtree.java:280)
	at org.jetbrains.kotlin.com.intellij.util.io.PersistentBTreeEnumerator.doClose(PersistentBTreeEnumerator.java:310)
	at org.jetbrains.kotlin.com.intellij.util.io.PersistentEnumeratorBase.close(PersistentEnumeratorBase.java:464)
	at org.jetbrains.kotlin.com.intellij.util.io.PersistentBTreeEnumerator.close(PersistentBTreeEnumerator.java:650)
	at org.jetbrains.kotlin.com.intellij.util.io.PersistentMapImpl.doClose(PersistentMapImpl.java:812)
	at org.jetbrains.kotlin.com.intellij.util.io.PersistentMapImpl.close(PersistentMapImpl.java:780)
	at org.jetbrains.kotlin.com.intellij.util.io.PersistentMapImpl.close(PersistentMapImpl.java:760)
	at org.jetbrains.kotlin.com.intellij.util.io.PersistentHashMap.close(PersistentHashMap.java:203)
	at org.jetbrains.kotlin.incremental.storage.LazyStorage.close(LazyStorage.kt:93)
	at org.jetbrains.kotlin.incremental.storage.AppendableSetBasicMap.close(BasicMap.kt:157)
	at org.jetbrains.kotlin.incremental.storage.BasicMapsOwner$close$1.invoke(BasicMapsOwner.kt:45)
	at org.jetbrains.kotlin.incremental.storage.BasicMapsOwner$close$1.invoke(BasicMapsOwner.kt:45)
	at org.jetbrains.kotlin.incremental.storage.BasicMapsOwner.forEachMapSafe(BasicMapsOwner.kt:85)
	at org.jetbrains.kotlin.incremental.storage.BasicMapsOwner.close(BasicMapsOwner.kt:45)
	at org.jetbrains.kotlin.incremental.LookupStorage.close(LookupStorage.kt:155)
	at com.google.devtools.ksp.LookupStorageWrapperImpl.close(IncrementalContext.kt:245)
	at com.google.devtools.ksp.common.IncrementalContextBase.updateCachesAndOutputs(IncrementalContextBase.kt:726)
	at com.google.devtools.ksp.AbstractKotlinSymbolProcessingExtension.doAnalysis(KotlinSymbolProcessingExtension.kt:362)
	at org.jetbrains.kotlin.cli.jvm.compiler.TopDownAnalyzerFacadeForJVM.analyzeFilesWithJavaIntegration(TopDownAnalyzerFacadeForJVM.kt:112)
	at org.jetbrains.kotlin.cli.jvm.compiler.TopDownAnalyzerFacadeForJVM.analyzeFilesWithJavaIntegration$default(TopDownAnalyzerFacadeForJVM.kt:75)
	at org.jetbrains.kotlin.cli.jvm.compiler.KotlinToJVMBytecodeCompiler.analyze$lambda$12(KotlinToJVMBytecodeCompiler.kt:373)
	at org.jetbrains.kotlin.cli.common.messages.AnalyzerWithCompilerReport.analyzeAndReport(AnalyzerWithCompilerReport.kt:115)
	at org.jetbrains.kotlin.cli.jvm.compiler.KotlinToJVMBytecodeCompiler.analyze(KotlinToJVMBytecodeCompiler.kt:364)
	at org.jetbrains.kotlin.cli.jvm.compiler.KotlinToJVMBytecodeCompiler.runFrontendAndGenerateIrUsingClassicFrontend(KotlinToJVMBytecodeCompiler.kt:195)
	at org.jetbrains.kotlin.cli.jvm.compiler.KotlinToJVMBytecodeCompiler.compileModules$cli(KotlinToJVMBytecodeCompiler.kt:106)
	at org.jetbrains.kotlin.cli.jvm.K2JVMCompiler.doExecute(K2JVMCompiler.kt:176)
	at org.jetbrains.kotlin.cli.jvm.K2JVMCompiler.doExecute(K2JVMCompiler.kt:50)
	at org.jetbrains.kotlin.cli.common.CLICompiler.execImpl(CLICompiler.kt:104)
	at org.jetbrains.kotlin.cli.common.CLICompiler.execImpl(CLICompiler.kt:48)
	at org.jetbrains.kotlin.cli.common.CLITool.exec(CLITool.kt:101)
	at org.jetbrains.kotlin.daemon.CompileServiceImpl.compile(CompileServiceImpl.kt:1556)
	at java.base/jdk.internal.reflect.DirectMethodHandleAccessor.invoke(Unknown Source)
	at java.base/java.lang.reflect.Method.invoke(Unknown Source)
	at java.rmi/sun.rmi.server.UnicastServerRef.dispatch(Unknown Source)
	at java.rmi/sun.rmi.transport.Transport$1.run(Unknown Source)
	at java.rmi/sun.rmi.transport.Transport$1.run(Unknown Source)
	at java.base/java.security.AccessController.doPrivileged(Unknown Source)
	at java.rmi/sun.rmi.transport.Transport.serviceCall(Unknown Source)
	at java.rmi/sun.rmi.transport.tcp.TCPTransport.handleMessages(Unknown Source)
	at java.rmi/sun.rmi.transport.tcp.TCPTransport$ConnectionHandler.run0(Unknown Source)
	at java.rmi/sun.rmi.transport.tcp.TCPTransport$ConnectionHandler.lambda$run$0(Unknown Source)
	at java.base/java.security.AccessController.doPrivileged(Unknown Source)
	at java.rmi/sun.rmi.transport.tcp.TCPTransport$ConnectionHandler.run(Unknown Source)
	at java.base/java.util.concurrent.ThreadPoolExecutor.runWorker(Unknown Source)
	at java.base/java.util.concurrent.ThreadPoolExecutor$Worker.run(Unknown Source)
	at java.base/java.lang.Thread.run(Unknown Source)
Caused by: java.nio.file.FileSystemException: C:\Users\geose\OneDrive\Desktop\Facultate\SEM_V\Mobile\ANDROID\app\build\kspCaches\debug\symbolLookups\lookups.tab: The process cannot access the file because it is being used by another process
	at java.base/sun.nio.fs.WindowsException.translateToIOException(Unknown Source)
	at java.base/sun.nio.fs.WindowsException.rethrowAsIOException(Unknown Source)
	at java.base/sun.nio.fs.WindowsException.rethrowAsIOException(Unknown Source)
	at java.base/sun.nio.fs.WindowsFileSystemProvider.newFileChannel(Unknown Source)
	at java.base/java.nio.channels.FileChannel.open(Unknown Source)
	at java.base/java.nio.channels.FileChannel.open(Unknown Source)
	at org.jetbrains.kotlin.com.intellij.util.io.UnInterruptibleFileChannelHandle.lambda$reopenChannel$1(UnInterruptibleFileChannelHandle.java:79)
	at org.jetbrains.kotlin.com.intellij.util.ConcurrencyUtil.withLock(ConcurrencyUtil.java:244)
	at org.jetbrains.kotlin.com.intellij.util.io.UnInterruptibleFileChannelHandle.reopenChannel(UnInterruptibleFileChannelHandle.java:78)
	at org.jetbrains.kotlin.com.intellij.util.io.UnInterruptibleFileChannelHandle.<init>(UnInterruptibleFileChannelHandle.java:39)
	at org.jetbrains.kotlin.com.intellij.util.io.UnInterruptibleFileChannel.<init>(UnInterruptibleFileChannel.java:26)
	at org.jetbrains.kotlin.com.intellij.util.io.OpenChannelsCache$ChannelDescriptor.lambda$new$0(OpenChannelsCache.java:112)
	at org.jetbrains.kotlin.com.intellij.openapi.util.io.FileUtilRt.doIOOperation(FileUtilRt.java:947)
	at org.jetbrains.kotlin.com.intellij.util.io.OpenChannelsCache$ChannelDescriptor.<init>(OpenChannelsCache.java:110)
	at org.jetbrains.kotlin.com.intellij.util.io.PagedFileStorage.useChannel(PagedFileStorage.java:129)
	at org.jetbrains.kotlin.com.intellij.util.io.DirectBufferWrapper.force(DirectBufferWrapper.java:148)
	at org.jetbrains.kotlin.com.intellij.util.io.DirectBufferWrapper.release(DirectBufferWrapper.java:130)
	at org.jetbrains.kotlin.com.intellij.util.io.FilePageCache.disposeRemovedSegments(FilePageCache.java:190)
	... 54 more


